<?xml version="1.0" encoding="UTF-8"?>
<testsuite name="smartLamp.smartLampspring.SmartLampSpringApplicationTests" tests="1" skipped="0" failures="0" errors="0" timestamp="2023-04-20T05:57:48" hostname="goorm" time="4.185">
  <properties/>
  <testcase name="contextLoads()" classname="smartLamp.smartLampspring.SmartLampSpringApplicationTests" time="4.185"/>
  <system-out><![CDATA[05:57:17.351 [Test worker] DEBUG org.springframework.test.context.BootstrapUtils - Instantiating CacheAwareContextLoaderDelegate from class [org.springframework.test.context.cache.DefaultCacheAwareContextLoaderDelegate]
05:57:17.456 [Test worker] DEBUG org.springframework.test.context.BootstrapUtils - Instantiating BootstrapContext using constructor [public org.springframework.test.context.support.DefaultBootstrapContext(java.lang.Class,org.springframework.test.context.CacheAwareContextLoaderDelegate)]
05:57:17.854 [Test worker] DEBUG org.springframework.test.context.BootstrapUtils - Instantiating TestContextBootstrapper for test class [smartLamp.smartLampspring.SmartLampSpringApplicationTests] from class [org.springframework.boot.test.context.SpringBootTestContextBootstrapper]
05:57:17.963 [Test worker] INFO org.springframework.boot.test.context.SpringBootTestContextBootstrapper - Neither @ContextConfiguration nor @ContextHierarchy found for test class [smartLamp.smartLampspring.SmartLampSpringApplicationTests], using SpringBootContextLoader
05:57:18.052 [Test worker] DEBUG org.springframework.test.context.support.AbstractContextLoader - Did not detect default resource location for test class [smartLamp.smartLampspring.SmartLampSpringApplicationTests]: class path resource [smartLamp/smartLampspring/SmartLampSpringApplicationTests-context.xml] does not exist
05:57:18.055 [Test worker] DEBUG org.springframework.test.context.support.AbstractContextLoader - Did not detect default resource location for test class [smartLamp.smartLampspring.SmartLampSpringApplicationTests]: class path resource [smartLamp/smartLampspring/SmartLampSpringApplicationTestsContext.groovy] does not exist
05:57:18.151 [Test worker] INFO org.springframework.test.context.support.AbstractContextLoader - Could not detect default resource locations for test class [smartLamp.smartLampspring.SmartLampSpringApplicationTests]: no resource found for suffixes {-context.xml, Context.groovy}.
05:57:18.153 [Test worker] INFO org.springframework.test.context.support.AnnotationConfigContextLoaderUtils - Could not detect default configuration classes for test class [smartLamp.smartLampspring.SmartLampSpringApplicationTests]: SmartLampSpringApplicationTests does not declare any static, non-private, non-final, nested classes annotated with @Configuration.
05:57:18.775 [Test worker] DEBUG org.springframework.test.context.support.ActiveProfilesUtils - Could not find an 'annotation declaring class' for annotation type [org.springframework.test.context.ActiveProfiles] and class [smartLamp.smartLampspring.SmartLampSpringApplicationTests]
05:57:19.558 [Test worker] DEBUG org.springframework.context.annotation.ClassPathScanningCandidateComponentProvider - Identified candidate component class: file [/workspace/smartLampServer/smartLamp-spring/build/classes/java/main/smartLamp/smartLampspring/SmartLampSpringApplication.class]
05:57:19.559 [Test worker] INFO org.springframework.boot.test.context.SpringBootTestContextBootstrapper - Found @SpringBootConfiguration smartLamp.smartLampspring.SmartLampSpringApplication for test class smartLamp.smartLampspring.SmartLampSpringApplicationTests
05:57:20.764 [Test worker] DEBUG org.springframework.boot.test.context.SpringBootTestContextBootstrapper - @TestExecutionListeners is not present for class [smartLamp.smartLampspring.SmartLampSpringApplicationTests]: using defaults.
05:57:20.766 [Test worker] INFO org.springframework.boot.test.context.SpringBootTestContextBootstrapper - Loaded default TestExecutionListener class names from location [META-INF/spring.factories]: [org.springframework.boot.test.autoconfigure.restdocs.RestDocsTestExecutionListener, org.springframework.boot.test.autoconfigure.web.client.MockRestServiceServerResetTestExecutionListener, org.springframework.boot.test.autoconfigure.web.servlet.MockMvcPrintOnlyOnFailureTestExecutionListener, org.springframework.boot.test.autoconfigure.web.servlet.WebDriverTestExecutionListener, org.springframework.boot.test.autoconfigure.webservices.client.MockWebServiceServerTestExecutionListener, org.springframework.boot.test.mock.mockito.MockitoTestExecutionListener, org.springframework.boot.test.mock.mockito.ResetMocksTestExecutionListener, org.springframework.test.context.web.ServletTestExecutionListener, org.springframework.test.context.support.DirtiesContextBeforeModesTestExecutionListener, org.springframework.test.context.event.ApplicationEventsTestExecutionListener, org.springframework.test.context.support.DependencyInjectionTestExecutionListener, org.springframework.test.context.support.DirtiesContextTestExecutionListener, org.springframework.test.context.transaction.TransactionalTestExecutionListener, org.springframework.test.context.jdbc.SqlScriptsTestExecutionListener, org.springframework.test.context.event.EventPublishingTestExecutionListener]
05:57:20.953 [Test worker] DEBUG org.springframework.boot.test.context.SpringBootTestContextBootstrapper - Skipping candidate TestExecutionListener [org.springframework.test.context.transaction.TransactionalTestExecutionListener] due to a missing dependency. Specify custom listener classes or make the default listener classes and their required dependencies available. Offending class: [org/springframework/transaction/interceptor/TransactionAttributeSource]
05:57:20.956 [Test worker] DEBUG org.springframework.boot.test.context.SpringBootTestContextBootstrapper - Skipping candidate TestExecutionListener [org.springframework.test.context.jdbc.SqlScriptsTestExecutionListener] due to a missing dependency. Specify custom listener classes or make the default listener classes and their required dependencies available. Offending class: [org/springframework/transaction/interceptor/TransactionAttribute]
05:57:20.958 [Test worker] INFO org.springframework.boot.test.context.SpringBootTestContextBootstrapper - Using TestExecutionListeners: [org.springframework.test.context.web.ServletTestExecutionListener@73ff4fae, org.springframework.test.context.support.DirtiesContextBeforeModesTestExecutionListener@21aa6d6c, org.springframework.test.context.event.ApplicationEventsTestExecutionListener@b968a76, org.springframework.boot.test.mock.mockito.MockitoTestExecutionListener@2f9a01c1, org.springframework.boot.test.autoconfigure.SpringBootDependencyInjectionTestExecutionListener@2611b9a3, org.springframework.test.context.support.DirtiesContextTestExecutionListener@54227100, org.springframework.test.context.event.EventPublishingTestExecutionListener@6b5894c8, org.springframework.boot.test.autoconfigure.restdocs.RestDocsTestExecutionListener@1433046b, org.springframework.boot.test.autoconfigure.web.client.MockRestServiceServerResetTestExecutionListener@3f446bef, org.springframework.boot.test.autoconfigure.web.servlet.MockMvcPrintOnlyOnFailureTestExecutionListener@7829b776, org.springframework.boot.test.autoconfigure.web.servlet.WebDriverTestExecutionListener@5778826f, org.springframework.boot.test.autoconfigure.webservices.client.MockWebServiceServerTestExecutionListener@5b64c4b7, org.springframework.boot.test.mock.mockito.ResetMocksTestExecutionListener@4763c727]
05:57:21.056 [Test worker] DEBUG org.springframework.test.context.support.AbstractDirtiesContextTestExecutionListener - Before test class: context [DefaultTestContext@4f2613d1 testClass = SmartLampSpringApplicationTests, testInstance = [null], testMethod = [null], testException = [null], mergedContextConfiguration = [WebMergedContextConfiguration@6d24ffa1 testClass = SmartLampSpringApplicationTests, locations = '{}', classes = '{class smartLamp.smartLampspring.SmartLampSpringApplication}', contextInitializerClasses = '[]', activeProfiles = '{}', propertySourceLocations = '{}', propertySourceProperties = '{org.springframework.boot.test.context.SpringBootTestContextBootstrapper=true}', contextCustomizers = set[org.springframework.boot.test.autoconfigure.actuate.metrics.MetricsExportContextCustomizerFactory$DisableMetricExportContextCustomizer@9ebe38b, org.springframework.boot.test.autoconfigure.properties.PropertyMappingContextCustomizer@0, org.springframework.boot.test.autoconfigure.web.servlet.WebDriverContextCustomizerFactory$Customizer@76f4b65, org.springframework.boot.test.context.filter.ExcludeFilterContextCustomizer@545b995e, org.springframework.boot.test.json.DuplicateJsonObjectContextCustomizerFactory$DuplicateJsonObjectContextCustomizer@29526c05, org.springframework.boot.test.mock.mockito.MockitoContextCustomizer@0, org.springframework.boot.test.web.client.TestRestTemplateContextCustomizer@53f6fd09, org.springframework.boot.test.context.SpringBootTestArgs@1, org.springframework.boot.test.context.SpringBootTestWebEnvironment@6f27a732], resourceBasePath = 'src/main/webapp', contextLoader = 'org.springframework.boot.test.context.SpringBootContextLoader', parent = [null]], attributes = map['org.springframework.test.context.web.ServletTestExecutionListener.activateListener' -> true]], class annotated with @DirtiesContext [false] with mode [null].

  .   ____          _            __ _ _
 /\\ / ___'_ __ _ _(_)_ __  __ _ \ \ \ \
( ( )\___ | '_ | '_| | '_ \/ _` | \ \ \ \
 \\/  ___)| |_)| | | | | || (_| |  ) ) ) )
  '  |____| .__|_| |_|_| |_\__, | / / / /
 =========|_|==============|___/=/_/_/_/
 :: Spring Boot ::               (v2.7.10)

2023-04-20 05:57:26.057  INFO 145301 --- [    Test worker] s.s.SmartLampSpringApplicationTests      : Starting SmartLampSpringApplicationTests using Java 11.0.14 on goorm with PID 145301 (started by root in /workspace/smartLampServer/smartLamp-spring)
2023-04-20 05:57:26.059  INFO 145301 --- [    Test worker] s.s.SmartLampSpringApplicationTests      : No active profile set, falling back to 1 default profile: "default"
2023-04-20 05:57:46.959  WARN 145301 --- [    Test worker] ion$DefaultTemplateResolverConfiguration : Cannot find template location: classpath:/templates/ (please add some templates, check your Thymeleaf configuration, or set spring.thymeleaf.check-template-location=false)
2023-04-20 05:57:48.753  INFO 145301 --- [    Test worker] s.s.SmartLampSpringApplicationTests      : Started SmartLampSpringApplicationTests in 26.996 seconds (JVM running for 40.3)
]]></system-out>
  <system-err><![CDATA[]]></system-err>
</testsuite>
